[debug] [2025-09-29T20:12:16.094Z] ----------------------------------------------------------------------
[debug] [2025-09-29T20:12:16.094Z] Command:       /Users/freedash99/.nvm/versions/node/v18.20.8/bin/node /Users/freedash99/.nvm/versions/node/v18.20.8/bin/firebase emulators:start --only firestore,functions
[debug] [2025-09-29T20:12:16.095Z] CLI Version:   13.35.1
[debug] [2025-09-29T20:12:16.095Z] Platform:      darwin
[debug] [2025-09-29T20:12:16.095Z] Node Version:  v18.20.8
[debug] [2025-09-29T20:12:16.095Z] Time:          Mon Sep 29 2025 14:12:16 GMT-0600 (Mountain Daylight Saving Time)
[debug] [2025-09-29T20:12:16.096Z] ----------------------------------------------------------------------
[debug] 
[debug] [2025-09-29T20:12:16.200Z] > command requires scopes: ["email","openid","https://www.googleapis.com/auth/cloudplatformprojects.readonly","https://www.googleapis.com/auth/firebase","https://www.googleapis.com/auth/cloud-platform"]
[debug] [2025-09-29T20:12:16.200Z] > authorizing via signed-in user (freedash99@gmail.com)
[debug] [2025-09-29T20:12:16.343Z] openjdk version "25" 2025-09-16 LTS
OpenJDK Runtime Environment Temurin-25+36 (build 25+36-LTS)
OpenJDK 64-Bit Server VM Temurin-25+36 (build 25+36-LTS, mixed mode, sharing)

[debug] [2025-09-29T20:12:16.351Z] Parsed Java major version: 25
[info] i  emulators: Starting emulators: functions, firestore {"metadata":{"emulator":{"name":"hub"},"message":"Starting emulators: functions, firestore"}}
[debug] [2025-09-29T20:12:16.508Z] [logging] Logging Emulator only supports listening on one address (127.0.0.1). Not listening on ::1
[debug] [2025-09-29T20:12:16.509Z] assigned listening specs for emulators {"user":{"firestore":[{"address":"127.0.0.1","family":"IPv4","port":8082}],"firestore.websocket":[{"address":"127.0.0.1","family":"IPv4","port":9150}],"hub":[{"address":"127.0.0.1","family":"IPv4","port":4400},{"address":"::1","family":"IPv6","port":4400}],"ui":[{"address":"127.0.0.1","family":"IPv4","port":4002},{"address":"::1","family":"IPv6","port":4002}],"logging":[{"address":"127.0.0.1","family":"IPv4","port":4500}]},"metadata":{"message":"assigned listening specs for emulators"}}
[debug] [2025-09-29T20:12:16.511Z] [hub] writing locator at /var/folders/md/bpcxv1fn3zjgfbxtwqh25wc40000gn/T/hub-humane-io.json
[debug] [2025-09-29T20:12:16.602Z] [eventarc] Eventarc Emulator only supports listening on one address (127.0.0.1). Not listening on ::1
[debug] [2025-09-29T20:12:16.602Z] [tasks] Cloud Tasks Emulator only supports listening on one address (127.0.0.1). Not listening on ::1
[debug] [2025-09-29T20:12:16.602Z] late-assigned ports for functions and eventarc emulators {"user":{"firestore":[{"address":"127.0.0.1","family":"IPv4","port":8082}],"firestore.websocket":[{"address":"127.0.0.1","family":"IPv4","port":9150}],"hub":[{"address":"127.0.0.1","family":"IPv4","port":4400},{"address":"::1","family":"IPv6","port":4400}],"ui":[{"address":"127.0.0.1","family":"IPv4","port":4002},{"address":"::1","family":"IPv6","port":4002}],"logging":[{"address":"127.0.0.1","family":"IPv4","port":4500}],"functions":[{"address":"127.0.0.1","family":"IPv4","port":5002}],"eventarc":[{"address":"127.0.0.1","family":"IPv4","port":9299}],"tasks":[{"address":"127.0.0.1","family":"IPv4","port":9499}]},"metadata":{"message":"late-assigned ports for functions and eventarc emulators"}}
[warn] ⚠  functions: The following emulators are not running, calls to these services from the Functions emulator will affect production: apphosting, auth, database, hosting, pubsub, storage, dataconnect {"metadata":{"emulator":{"name":"functions"},"message":"The following emulators are not running, calls to these services from the Functions emulator will affect production: \u001b[1mapphosting, auth, database, hosting, pubsub, storage, dataconnect\u001b[22m"}}
[debug] [2025-09-29T20:12:16.608Z] defaultcredentials: writing to file /Users/freedash99/.config/firebase/freedash99_gmail_com_application_default_credentials.json
[debug] [2025-09-29T20:12:16.609Z] Setting GAC to /Users/freedash99/.config/firebase/freedash99_gmail_com_application_default_credentials.json {"metadata":{"emulator":{"name":"functions"},"message":"Setting GAC to /Users/freedash99/.config/firebase/freedash99_gmail_com_application_default_credentials.json"}}
[debug] [2025-09-29T20:12:16.609Z] Checked if tokens are valid: true, expires at: 1759180215290
[debug] [2025-09-29T20:12:16.610Z] Checked if tokens are valid: true, expires at: 1759180215290
[debug] [2025-09-29T20:12:16.610Z] >>> [apiv2][query] GET https://firebase.googleapis.com/v1beta1/projects/humane-io/adminSdkConfig [none]
[debug] [2025-09-29T20:12:16.903Z] <<< [apiv2][status] GET https://firebase.googleapis.com/v1beta1/projects/humane-io/adminSdkConfig 200
[debug] [2025-09-29T20:12:16.904Z] <<< [apiv2][body] GET https://firebase.googleapis.com/v1beta1/projects/humane-io/adminSdkConfig {"projectId":"humane-io","storageBucket":"humane-io.firebasestorage.app"}
[warn] ⚠  firestore: Cloud Firestore Emulator does not support multiple databases yet. {"metadata":{"emulator":{"name":"firestore"},"message":"Cloud Firestore Emulator does not support multiple databases yet."}}
[warn] ⚠  firestore: Did not find a Cloud Firestore rules file specified in a firebase.json config file. {"metadata":{"emulator":{"name":"firestore"},"message":"Did not find a Cloud Firestore rules file specified in a firebase.json config file."}}
[warn] ⚠  firestore: The emulator will default to allowing all reads and writes. Learn more about this option: https://firebase.google.com/docs/emulator-suite/install_and_configure#security_rules_configuration. {"metadata":{"emulator":{"name":"firestore"},"message":"The emulator will default to allowing all reads and writes. Learn more about this option: https://firebase.google.com/docs/emulator-suite/install_and_configure#security_rules_configuration."}}
[debug] [2025-09-29T20:12:16.931Z] Ignoring unsupported arg: auto_download {"metadata":{"emulator":{"name":"firestore"},"message":"Ignoring unsupported arg: auto_download"}}
[debug] [2025-09-29T20:12:16.931Z] Ignoring unsupported arg: single_project_mode_error {"metadata":{"emulator":{"name":"firestore"},"message":"Ignoring unsupported arg: single_project_mode_error"}}
[debug] [2025-09-29T20:12:16.931Z] Starting Firestore Emulator with command {"binary":"java","args":["-Dgoogle.cloud_firestore.debug_log_level=FINE","-Duser.language=en","-jar","/Users/freedash99/.cache/firebase/emulators/cloud-firestore-emulator-v1.19.8.jar","--host","127.0.0.1","--port",8082,"--websocket_port",9150,"--project_id","humane-io","--single_project_mode",true,"--functions_emulator","127.0.0.1:5002"],"optionalArgs":["port","webchannel_port","host","rules","websocket_port","functions_emulator","seed_from_export","project_id","single_project_mode"],"joinArgs":false,"shell":false,"port":8082} {"metadata":{"emulator":{"name":"firestore"},"message":"Starting Firestore Emulator with command {\"binary\":\"java\",\"args\":[\"-Dgoogle.cloud_firestore.debug_log_level=FINE\",\"-Duser.language=en\",\"-jar\",\"/Users/freedash99/.cache/firebase/emulators/cloud-firestore-emulator-v1.19.8.jar\",\"--host\",\"127.0.0.1\",\"--port\",8082,\"--websocket_port\",9150,\"--project_id\",\"humane-io\",\"--single_project_mode\",true,\"--functions_emulator\",\"127.0.0.1:5002\"],\"optionalArgs\":[\"port\",\"webchannel_port\",\"host\",\"rules\",\"websocket_port\",\"functions_emulator\",\"seed_from_export\",\"project_id\",\"single_project_mode\"],\"joinArgs\":false,\"shell\":false,\"port\":8082}"}}
[info] i  firestore: Firestore Emulator logging to firestore-debug.log {"metadata":{"emulator":{"name":"firestore"},"message":"Firestore Emulator logging to \u001b[1mfirestore-debug.log\u001b[22m"}}
[debug] [2025-09-29T20:12:17.140Z] WARNING: A terminally deprecated method in sun.misc.Unsafe has been called
WARNING: sun.misc.Unsafe::objectFieldOffset has been called by io.netty.util.internal.PlatformDependent0$4 (file:/Users/freedash99/.cache/firebase/emulators/cloud-firestore-emulator-v1.19.8.jar)
WARNING: Please consider reporting this to the maintainers of class io.netty.util.internal.PlatformDependent0$4
WARNING: sun.misc.Unsafe::objectFieldOffset will be removed in a future release
 {"metadata":{"emulator":{"name":"firestore"},"message":"WARNING: A terminally deprecated method in sun.misc.Unsafe has been called\nWARNING: sun.misc.Unsafe::objectFieldOffset has been called by io.netty.util.internal.PlatformDependent0$4 (file:/Users/freedash99/.cache/firebase/emulators/cloud-firestore-emulator-v1.19.8.jar)\nWARNING: Please consider reporting this to the maintainers of class io.netty.util.internal.PlatformDependent0$4\nWARNING: sun.misc.Unsafe::objectFieldOffset will be removed in a future release\n"}}
[debug] [2025-09-29T20:12:17.532Z] Sep 29, 2025 2:12:17 P.M. com.google.cloud.datastore.emulator.firestore.websocket.WebSocketServer start
INFO: Started WebSocket server on ws://127.0.0.1:9150
 {"metadata":{"emulator":{"name":"firestore"},"message":"Sep 29, 2025 2:12:17 P.M. com.google.cloud.datastore.emulator.firestore.websocket.WebSocketServer start\nINFO: Started WebSocket server on ws://127.0.0.1:9150\n"}}
[debug] [2025-09-29T20:12:17.543Z] API endpoint: http:// {"metadata":{"emulator":{"name":"firestore"},"message":"API endpoint: http://"}}
[debug] [2025-09-29T20:12:17.543Z] 127.0.0.1:8082
If you are using a library that supports the FIRESTORE_EMULATOR_HOST environment variable, run:

   export FIRESTORE_EMULATOR_HOST=127.0.0.1:8082

If you are running a Firestore in Datastore Mode project, run:

   export DATASTORE_EMULATOR_HOST=127.0.0.1:8082

Note: Support for Datastore Mode is in preview. If you encounter any bugs please file at https://github.com/firebase/firebase-tools/issues.
Dev App Server is now running.

 {"metadata":{"emulator":{"name":"firestore"},"message":"127.0.0.1:8082\nIf you are using a library that supports the FIRESTORE_EMULATOR_HOST environment variable, run:\n\n   export FIRESTORE_EMULATOR_HOST=127.0.0.1:8082\n\nIf you are running a Firestore in Datastore Mode project, run:\n\n   export DATASTORE_EMULATOR_HOST=127.0.0.1:8082\n\nNote: Support for Datastore Mode is in preview. If you encounter any bugs please file at https://github.com/firebase/firebase-tools/issues.\nDev App Server is now running.\n\n"}}
[info] ✔  firestore: Firestore Emulator UI websocket is running on 9150. {"metadata":{"emulator":{"name":"firestore"},"message":"Firestore Emulator UI websocket is running on 9150."}}
[info] i  functions: Watching "/Users/freedash99/dyad-apps/HUMANE/functions" for Cloud Functions... {"metadata":{"emulator":{"name":"functions"},"message":"Watching \"/Users/freedash99/dyad-apps/HUMANE/functions\" for Cloud Functions..."}}
[debug] [2025-09-29T20:12:17.753Z] Validating nodejs source
[debug] [2025-09-29T20:12:18.306Z] > [functions] package.json contents: {
  "name": "functions",
  "description": "HUMANE Firebase Functions",
  "scripts": {
    "lint": "eslint --ext .js,.ts .",
    "build": "tsc",
    "serve": "npm run build && firebase emulators:start --only functions",
    "shell": "npm run build && firebase functions:shell",
    "start": "npm run shell",
    "deploy": "firebase deploy --only functions",
    "logs": "firebase functions:log"
  },
  "engines": {
    "node": "20"
  },
  "main": "lib/index.js",
  "dependencies": {
    "firebase-admin": "^13.0.1",
    "firebase-functions": "^6.0.1",
    "stripe": "^17.1.0",
    "zod": "^3.25.28",
    "cors": "^2.8.5"
  },
  "devDependencies": {
    "@typescript-eslint/eslint-plugin": "^5.12.0",
    "@typescript-eslint/parser": "^5.12.0",
    "eslint": "^8.9.0",
    "eslint-config-google": "^0.14.0",
    "eslint-plugin-import": "^2.25.4",
    "typescript": "^5.0.0",
    "@types/cors": "^2.8.17"
  },
  "private": true
}
[debug] [2025-09-29T20:12:18.306Z] Building nodejs source
[debug] [2025-09-29T20:12:18.307Z] Failed to find version of module node: reached end of search path /Users/freedash99/dyad-apps/HUMANE/functions/node_modules
[warn] ⚠  functions: Your requested "node" version "20" doesn't match your global version "18". Using node@18 from host. 
[debug] [2025-09-29T20:12:18.308Z] Could not find functions.yaml. Must use http discovery
[debug] [2025-09-29T20:12:18.314Z] Found firebase-functions binary at '/Users/freedash99/dyad-apps/HUMANE/functions/node_modules/.bin/firebase-functions'
[info] Serving at port 8976

[error] Error: Cannot find module './ping'
Require stack:
- /Users/freedash99/dyad-apps/HUMANE/functions/lib/index.js
- /Users/freedash99/dyad-apps/HUMANE/node_modules/.pnpm/firebase-functions@6.4.0_firebase-admin@13.5.0/node_modules/firebase-functions/lib/runtime/loader.js
- /Users/freedash99/dyad-apps/HUMANE/node_modules/.pnpm/firebase-functions@6.4.0_firebase-admin@13.5.0/node_modules/firebase-functions/lib/bin/firebase-functions.js
    at Module._resolveFilename (node:internal/modules/cjs/loader:1140:15)
    at Module._load (node:internal/modules/cjs/loader:981:27)
    at Module.require (node:internal/modules/cjs/loader:1231:19)
    at require (node:internal/modules/helpers:177:18)
    at Object.<anonymous> (/Users/freedash99/dyad-apps/HUMANE/functions/lib/index.js:18:14)
    at Module._compile (node:internal/modules/cjs/loader:1364:14)
    at Module._extensions..js (node:internal/modules/cjs/loader:1422:10)
    at Module.load (node:internal/modules/cjs/loader:1203:32)
    at Module._load (node:internal/modules/cjs/loader:1019:12)
    at Module.require (node:internal/modules/cjs/loader:1231:19) {
  code: 'MODULE_NOT_FOUND',
  requireStack: [
    '/Users/freedash99/dyad-apps/HUMANE/functions/lib/index.js',
    '/Users/freedash99/dyad-apps/HUMANE/node_modules/.pnpm/firebase-functions@6.4.0_firebase-admin@13.5.0/node_modules/firebase-functions/lib/runtime/loader.js',
    '/Users/freedash99/dyad-apps/HUMANE/node_modules/.pnpm/firebase-functions@6.4.0_firebase-admin@13.5.0/node_modules/firebase-functions/lib/bin/firebase-functions.js'
  ]
}

[debug] [2025-09-29T20:12:18.452Z] Got response code 400; body Failed to generate manifest from function source: Cannot find module './ping'
Require stack:
- /Users/freedash99/dyad-apps/HUMANE/functions/lib/index.js
- /Users/freedash99/dyad-apps/HUMANE/node_modules/.pnpm/firebase-functions@6.4.0_firebase-admin@13.5.0/node_modules/firebase-functions/lib/runtime/loader.js
- /Users/freedash99/dyad-apps/HUMANE/node_modules/.pnpm/firebase-functions@6.4.0_firebase-admin@13.5.0/node_modules/firebase-functions/lib/bin/firebase-functions.js
[error] ⬢  functions: Failed to load function definition from source: FirebaseError: Functions codebase could not be analyzed successfully. It may have a syntax or runtime error {"metadata":{"emulator":{"name":"functions"},"message":"Failed to load function definition from source: FirebaseError: Functions codebase could not be analyzed successfully. It may have a syntax or runtime error"}}
[debug] [2025-09-29T20:12:18.457Z] Could not find VSCode notification endpoint: FetchError: request to http://localhost:40001/vscode/notify failed, reason: connect ECONNREFUSED ::1:40001. If you are not running the Firebase Data Connect VSCode extension, this is expected and not an issue.
[info] 
┌─────────────────────────────────────────────────────────────┐
│ ✔  All emulators ready! It is now safe to connect your app. │
│ i  View Emulator UI at http://127.0.0.1:4002/               │
└─────────────────────────────────────────────────────────────┘

┌───────────┬────────────────┬─────────────────────────────────┐
│ Emulator  │ Host:Port      │ View in Emulator UI             │
├───────────┼────────────────┼─────────────────────────────────┤
│ Functions │ 127.0.0.1:5002 │ http://127.0.0.1:4002/functions │
├───────────┼────────────────┼─────────────────────────────────┤
│ Firestore │ 127.0.0.1:8082 │ http://127.0.0.1:4002/firestore │
└───────────┴────────────────┴─────────────────────────────────┘
  Emulator Hub host: 127.0.0.1 port: 4400
  Other reserved ports: 4500, 9150

Issues? Report them at https://github.com/firebase/firebase-tools/issues and attach the *-debug.log files.
 
[debug] [2025-09-29T20:12:40.855Z] File /Users/freedash99/dyad-apps/HUMANE/functions/package.json changed, reloading triggers {"metadata":{"emulator":{"name":"functions"},"message":"File /Users/freedash99/dyad-apps/HUMANE/functions/package.json changed, reloading triggers"}}
[debug] [2025-09-29T20:12:41.860Z] Validating nodejs source
[debug] [2025-09-29T20:12:42.387Z] > [functions] package.json contents: {
  "name": "functions",
  "description": "HUMANE Firebase Functions",
  "scripts": {
    "lint": "eslint --ext .js,.ts .",
    "build": "tsc",
    "serve": "npm run build && firebase emulators:start --only functions",
    "shell": "npm run build && firebase functions:shell",
    "start": "npm run shell",
    "deploy": "firebase deploy --only functions",
    "logs": "firebase functions:log"
  },
  "engines": {
    "node": "18"
  },
  "main": "lib/index.js",
  "dependencies": {
    "firebase-admin": "^13.0.1",
    "firebase-functions": "^6.0.1",
    "stripe": "^17.1.0",
    "zod": "^3.25.28",
    "cors": "^2.8.5"
  },
  "devDependencies": {
    "@typescript-eslint/eslint-plugin": "^5.12.0",
    "@typescript-eslint/parser": "^5.12.0",
    "eslint": "^8.9.0",
    "eslint-config-google": "^0.14.0",
    "eslint-plugin-import": "^2.25.4",
    "typescript": "^5.0.0",
    "@types/cors": "^2.8.17"
  },
  "private": true
}
[debug] [2025-09-29T20:12:42.387Z] Building nodejs source
[debug] [2025-09-29T20:12:42.388Z] Failed to find version of module node: reached end of search path /Users/freedash99/dyad-apps/HUMANE/functions/node_modules
[warn] ⚠  functions: Your requested "node" version "20" doesn't match your global version "18". Using node@18 from host. 
[debug] [2025-09-29T20:12:42.390Z] Could not find functions.yaml. Must use http discovery
[debug] [2025-09-29T20:12:42.391Z] Found firebase-functions binary at '/Users/freedash99/dyad-apps/HUMANE/functions/node_modules/.bin/firebase-functions'
[info] Serving at port 8050

[error] Error: Cannot find module './ping'
Require stack:
- /Users/freedash99/dyad-apps/HUMANE/functions/lib/index.js
- /Users/freedash99/dyad-apps/HUMANE/node_modules/.pnpm/firebase-functions@6.4.0_firebase-admin@13.5.0/node_modules/firebase-functions/lib/runtime/loader.js
- /Users/freedash99/dyad-apps/HUMANE/node_modules/.pnpm/firebase-functions@6.4.0_firebase-admin@13.5.0/node_modules/firebase-functions/lib/bin/firebase-functions.js
    at Module._resolveFilename (node:internal/modules/cjs/loader:1140:15)
    at Module._load (node:internal/modules/cjs/loader:981:27)
    at Module.require (node:internal/modules/cjs/loader:1231:19)
    at require (node:internal/modules/helpers:177:18)
    at Object.<anonymous> (/Users/freedash99/dyad-apps/HUMANE/functions/lib/index.js:18:14)
    at Module._compile (node:internal/modules/cjs/loader:1364:14)
    at Module._extensions..js (node:internal/modules/cjs/loader:1422:10)
    at Module.load (node:internal/modules/cjs/loader:1203:32)
    at Module._load (node:internal/modules/cjs/loader:1019:12)
    at Module.require (node:internal/modules/cjs/loader:1231:19) {
  code: 'MODULE_NOT_FOUND',
  requireStack: [
    '/Users/freedash99/dyad-apps/HUMANE/functions/lib/index.js',
    '/Users/freedash99/dyad-apps/HUMANE/node_modules/.pnpm/firebase-functions@6.4.0_firebase-admin@13.5.0/node_modules/firebase-functions/lib/runtime/loader.js',
    '/Users/freedash99/dyad-apps/HUMANE/node_modules/.pnpm/firebase-functions@6.4.0_firebase-admin@13.5.0/node_modules/firebase-functions/lib/bin/firebase-functions.js'
  ]
}

[debug] [2025-09-29T20:12:42.532Z] Got response code 400; body Failed to generate manifest from function source: Cannot find module './ping'
Require stack:
- /Users/freedash99/dyad-apps/HUMANE/functions/lib/index.js
- /Users/freedash99/dyad-apps/HUMANE/node_modules/.pnpm/firebase-functions@6.4.0_firebase-admin@13.5.0/node_modules/firebase-functions/lib/runtime/loader.js
- /Users/freedash99/dyad-apps/HUMANE/node_modules/.pnpm/firebase-functions@6.4.0_firebase-admin@13.5.0/node_modules/firebase-functions/lib/bin/firebase-functions.js
[error] ⬢  functions: Failed to load function definition from source: FirebaseError: Functions codebase could not be analyzed successfully. It may have a syntax or runtime error {"metadata":{"emulator":{"name":"functions"},"message":"Failed to load function definition from source: FirebaseError: Functions codebase could not be analyzed successfully. It may have a syntax or runtime error"}}
[debug] [2025-09-29T20:12:55.819Z] File /Users/freedash99/dyad-apps/HUMANE/functions/package.json changed, reloading triggers {"metadata":{"emulator":{"name":"functions"},"message":"File /Users/freedash99/dyad-apps/HUMANE/functions/package.json changed, reloading triggers"}}
[debug] [2025-09-29T20:12:56.820Z] Validating nodejs source
[debug] [2025-09-29T20:12:57.462Z] > [functions] package.json contents: {
  "name": "functions",
  "description": "HUMANE Firebase Functions",
  "scripts": {
    "lint": "eslint --ext .js,.ts .",
    "build": "tsc",
    "serve": "npm run build && firebase emulators:start --only functions",
    "shell": "npm run build && firebase functions:shell",
    "start": "npm run shell",
    "deploy": "firebase deploy --only functions",
    "logs": "firebase functions:log"
  },
  "engines": {
    "node": "18"
  },
  "main": "lib/index.js",
  "dependencies": {
    "firebase-admin": "^13.0.1",
    "firebase-functions": "^6.0.1",
    "stripe": "^17.1.0",
    "zod": "^3.25.28",
    "cors": "^2.8.5"
  },
  "devDependencies": {
    "@typescript-eslint/eslint-plugin": "^5.12.0",
    "@typescript-eslint/parser": "^5.12.0",
    "eslint": "^8.9.0",
    "eslint-config-google": "^0.14.0",
    "eslint-plugin-import": "^2.25.4",
    "typescript": "^5.0.0",
    "@types/cors": "^2.8.17"
  },
  "private": true
}
[debug] [2025-09-29T20:12:57.462Z] Building nodejs source
[debug] [2025-09-29T20:12:57.462Z] Failed to find version of module node: reached end of search path /Users/freedash99/dyad-apps/HUMANE/functions/node_modules
[warn] ⚠  functions: Your requested "node" version "20" doesn't match your global version "18". Using node@18 from host. 
[debug] [2025-09-29T20:12:57.464Z] Could not find functions.yaml. Must use http discovery
[debug] [2025-09-29T20:12:57.465Z] Found firebase-functions binary at '/Users/freedash99/dyad-apps/HUMANE/functions/node_modules/.bin/firebase-functions'
[info] Serving at port 8383

[error] Error: Cannot find module './ping'
Require stack:
- /Users/freedash99/dyad-apps/HUMANE/functions/lib/index.js
- /Users/freedash99/dyad-apps/HUMANE/node_modules/.pnpm/firebase-functions@6.4.0_firebase-admin@13.5.0/node_modules/firebase-functions/lib/runtime/loader.js
- /Users/freedash99/dyad-apps/HUMANE/node_modules/.pnpm/firebase-functions@6.4.0_firebase-admin@13.5.0/node_modules/firebase-functions/lib/bin/firebase-functions.js
    at Module._resolveFilename (node:internal/modules/cjs/loader:1140:15)
    at Module._load (node:internal/modules/cjs/loader:981:27)
    at Module.require (node:internal/modules/cjs/loader:1231:19)
    at require (node:internal/modules/helpers:177:18)
    at Object.<anonymous> (/Users/freedash99/dyad-apps/HUMANE/functions/lib/index.js:18:14)
    at Module._compile (node:internal/modules/cjs/loader:1364:14)
    at Module._extensions..js (node:internal/modules/cjs/loader:1422:10)
    at Module.load (node:internal/modules/cjs/loader:1203:32)
    at Module._load (node:internal/modules/cjs/loader:1019:12)
    at Module.require (node:internal/modules/cjs/loader:1231:19) {
  code: 'MODULE_NOT_FOUND',
  requireStack: [
    '/Users/freedash99/dyad-apps/HUMANE/functions/lib/index.js',
    '/Users/freedash99/dyad-apps/HUMANE/node_modules/.pnpm/firebase-functions@6.4.0_firebase-admin@13.5.0/node_modules/firebase-functions/lib/runtime/loader.js',
    '/Users/freedash99/dyad-apps/HUMANE/node_modules/.pnpm/firebase-functions@6.4.0_firebase-admin@13.5.0/node_modules/firebase-functions/lib/bin/firebase-functions.js'
  ]
}

[debug] [2025-09-29T20:12:57.631Z] Got response code 400; body Failed to generate manifest from function source: Cannot find module './ping'
Require stack:
- /Users/freedash99/dyad-apps/HUMANE/functions/lib/index.js
- /Users/freedash99/dyad-apps/HUMANE/node_modules/.pnpm/firebase-functions@6.4.0_firebase-admin@13.5.0/node_modules/firebase-functions/lib/runtime/loader.js
- /Users/freedash99/dyad-apps/HUMANE/node_modules/.pnpm/firebase-functions@6.4.0_firebase-admin@13.5.0/node_modules/firebase-functions/lib/bin/firebase-functions.js
[error] ⬢  functions: Failed to load function definition from source: FirebaseError: Functions codebase could not be analyzed successfully. It may have a syntax or runtime error {"metadata":{"emulator":{"name":"functions"},"message":"Failed to load function definition from source: FirebaseError: Functions codebase could not be analyzed successfully. It may have a syntax or runtime error"}}
[debug] [2025-09-29T20:13:03.618Z] File /Users/freedash99/dyad-apps/HUMANE/functions/lib/index.js changed, reloading triggers {"metadata":{"emulator":{"name":"functions"},"message":"File /Users/freedash99/dyad-apps/HUMANE/functions/lib/index.js changed, reloading triggers"}}
[debug] [2025-09-29T20:13:03.619Z] File /Users/freedash99/dyad-apps/HUMANE/functions/lib/utils/security.js changed, reloading triggers {"metadata":{"emulator":{"name":"functions"},"message":"File /Users/freedash99/dyad-apps/HUMANE/functions/lib/utils/security.js changed, reloading triggers"}}
[debug] [2025-09-29T20:13:03.619Z] File /Users/freedash99/dyad-apps/HUMANE/functions/lib/firebaseAdmin.js changed, reloading triggers {"metadata":{"emulator":{"name":"functions"},"message":"File /Users/freedash99/dyad-apps/HUMANE/functions/lib/firebaseAdmin.js changed, reloading triggers"}}
[debug] [2025-09-29T20:13:03.619Z] File /Users/freedash99/dyad-apps/HUMANE/functions/lib/plays/reportPlayBatch.js changed, reloading triggers {"metadata":{"emulator":{"name":"functions"},"message":"File /Users/freedash99/dyad-apps/HUMANE/functions/lib/plays/reportPlayBatch.js changed, reloading triggers"}}
[debug] [2025-09-29T20:13:03.619Z] File /Users/freedash99/dyad-apps/HUMANE/functions/lib/types.js changed, reloading triggers {"metadata":{"emulator":{"name":"functions"},"message":"File /Users/freedash99/dyad-apps/HUMANE/functions/lib/types.js changed, reloading triggers"}}
[debug] [2025-09-29T20:13:04.792Z] ----------------------------------------------------------------------
[debug] [2025-09-29T20:13:04.793Z] Command:       /Users/freedash99/.nvm/versions/node/v18.20.8/bin/node /Users/freedash99/.nvm/versions/node/v18.20.8/bin/firebase emulators:start --only firestore,functions
[debug] [2025-09-29T20:13:04.793Z] CLI Version:   13.35.1
[debug] [2025-09-29T20:13:04.793Z] Platform:      darwin
[debug] [2025-09-29T20:13:04.793Z] Node Version:  v18.20.8
[debug] [2025-09-29T20:13:04.793Z] Time:          Mon Sep 29 2025 14:13:04 GMT-0600 (Mountain Daylight Saving Time)
[debug] [2025-09-29T20:13:04.793Z] ----------------------------------------------------------------------
[debug] 
[debug] [2025-09-29T20:13:04.899Z] > command requires scopes: ["email","openid","https://www.googleapis.com/auth/cloudplatformprojects.readonly","https://www.googleapis.com/auth/firebase","https://www.googleapis.com/auth/cloud-platform"]
[debug] [2025-09-29T20:13:04.900Z] > authorizing via signed-in user (freedash99@gmail.com)
[debug] [2025-09-29T20:13:04.929Z] openjdk version "25" 2025-09-16 LTS

[debug] [2025-09-29T20:13:04.930Z] OpenJDK Runtime Environment Temurin-25+36 (build 25+36-LTS)
OpenJDK 64-Bit Server VM Temurin-25+36 (build 25+36-LTS, mixed mode, sharing)

[debug] [2025-09-29T20:13:04.931Z] Parsed Java major version: 25
[info] i  emulators: Starting emulators: functions, firestore {"metadata":{"emulator":{"name":"hub"},"message":"Starting emulators: functions, firestore"}}
[debug] [2025-09-29T20:13:05.089Z] [logging] Logging Emulator only supports listening on one address (127.0.0.1). Not listening on ::1
[debug] [2025-09-29T20:13:05.089Z] assigned listening specs for emulators {"user":{"firestore":[{"address":"127.0.0.1","family":"IPv4","port":8082}],"firestore.websocket":[{"address":"127.0.0.1","family":"IPv4","port":9150}],"hub":[{"address":"127.0.0.1","family":"IPv4","port":4400},{"address":"::1","family":"IPv6","port":4400}],"ui":[{"address":"127.0.0.1","family":"IPv4","port":4002},{"address":"::1","family":"IPv6","port":4002}],"logging":[{"address":"127.0.0.1","family":"IPv4","port":4500}]},"metadata":{"message":"assigned listening specs for emulators"}}
[warn] ⚠  emulators: It seems that you are running multiple instances of the emulator suite for project humane-io. This may result in unexpected behavior. 
[debug] [2025-09-29T20:13:05.092Z] [hub] writing locator at /var/folders/md/bpcxv1fn3zjgfbxtwqh25wc40000gn/T/hub-humane-io.json
[debug] [2025-09-29T20:13:05.182Z] [eventarc] Eventarc Emulator only supports listening on one address (127.0.0.1). Not listening on ::1
[debug] [2025-09-29T20:13:05.182Z] [tasks] Cloud Tasks Emulator only supports listening on one address (127.0.0.1). Not listening on ::1
[debug] [2025-09-29T20:13:05.182Z] late-assigned ports for functions and eventarc emulators {"user":{"firestore":[{"address":"127.0.0.1","family":"IPv4","port":8082}],"firestore.websocket":[{"address":"127.0.0.1","family":"IPv4","port":9150}],"hub":[{"address":"127.0.0.1","family":"IPv4","port":4400},{"address":"::1","family":"IPv6","port":4400}],"ui":[{"address":"127.0.0.1","family":"IPv4","port":4002},{"address":"::1","family":"IPv6","port":4002}],"logging":[{"address":"127.0.0.1","family":"IPv4","port":4500}],"functions":[{"address":"127.0.0.1","family":"IPv4","port":5002}],"eventarc":[{"address":"127.0.0.1","family":"IPv4","port":9299}],"tasks":[{"address":"127.0.0.1","family":"IPv4","port":9499}]},"metadata":{"message":"late-assigned ports for functions and eventarc emulators"}}
[warn] ⚠  functions: The following emulators are not running, calls to these services from the Functions emulator will affect production: apphosting, auth, database, hosting, pubsub, storage, dataconnect {"metadata":{"emulator":{"name":"functions"},"message":"The following emulators are not running, calls to these services from the Functions emulator will affect production: \u001b[1mapphosting, auth, database, hosting, pubsub, storage, dataconnect\u001b[22m"}}
[debug] [2025-09-29T20:13:05.188Z] defaultcredentials: writing to file /Users/freedash99/.config/firebase/freedash99_gmail_com_application_default_credentials.json
[debug] [2025-09-29T20:13:05.190Z] Setting GAC to /Users/freedash99/.config/firebase/freedash99_gmail_com_application_default_credentials.json {"metadata":{"emulator":{"name":"functions"},"message":"Setting GAC to /Users/freedash99/.config/firebase/freedash99_gmail_com_application_default_credentials.json"}}
[debug] [2025-09-29T20:13:05.190Z] Checked if tokens are valid: true, expires at: 1759180215290
[debug] [2025-09-29T20:13:05.190Z] Checked if tokens are valid: true, expires at: 1759180215290
[debug] [2025-09-29T20:13:05.191Z] >>> [apiv2][query] GET https://firebase.googleapis.com/v1beta1/projects/humane-io/adminSdkConfig [none]
[debug] [2025-09-29T20:13:05.435Z] <<< [apiv2][status] GET https://firebase.googleapis.com/v1beta1/projects/humane-io/adminSdkConfig 200
[debug] [2025-09-29T20:13:05.436Z] <<< [apiv2][body] GET https://firebase.googleapis.com/v1beta1/projects/humane-io/adminSdkConfig {"projectId":"humane-io","storageBucket":"humane-io.firebasestorage.app"}
[warn] ⚠  firestore: Cloud Firestore Emulator does not support multiple databases yet. {"metadata":{"emulator":{"name":"firestore"},"message":"Cloud Firestore Emulator does not support multiple databases yet."}}
[warn] ⚠  firestore: Did not find a Cloud Firestore rules file specified in a firebase.json config file. {"metadata":{"emulator":{"name":"firestore"},"message":"Did not find a Cloud Firestore rules file specified in a firebase.json config file."}}
[warn] ⚠  firestore: The emulator will default to allowing all reads and writes. Learn more about this option: https://firebase.google.com/docs/emulator-suite/install_and_configure#security_rules_configuration. {"metadata":{"emulator":{"name":"firestore"},"message":"The emulator will default to allowing all reads and writes. Learn more about this option: https://firebase.google.com/docs/emulator-suite/install_and_configure#security_rules_configuration."}}
[debug] [2025-09-29T20:13:05.457Z] Ignoring unsupported arg: auto_download {"metadata":{"emulator":{"name":"firestore"},"message":"Ignoring unsupported arg: auto_download"}}
[debug] [2025-09-29T20:13:05.457Z] Ignoring unsupported arg: single_project_mode_error {"metadata":{"emulator":{"name":"firestore"},"message":"Ignoring unsupported arg: single_project_mode_error"}}
[debug] [2025-09-29T20:13:05.457Z] Starting Firestore Emulator with command {"binary":"java","args":["-Dgoogle.cloud_firestore.debug_log_level=FINE","-Duser.language=en","-jar","/Users/freedash99/.cache/firebase/emulators/cloud-firestore-emulator-v1.19.8.jar","--host","127.0.0.1","--port",8082,"--websocket_port",9150,"--project_id","humane-io","--single_project_mode",true,"--functions_emulator","127.0.0.1:5002"],"optionalArgs":["port","webchannel_port","host","rules","websocket_port","functions_emulator","seed_from_export","project_id","single_project_mode"],"joinArgs":false,"shell":false,"port":8082} {"metadata":{"emulator":{"name":"firestore"},"message":"Starting Firestore Emulator with command {\"binary\":\"java\",\"args\":[\"-Dgoogle.cloud_firestore.debug_log_level=FINE\",\"-Duser.language=en\",\"-jar\",\"/Users/freedash99/.cache/firebase/emulators/cloud-firestore-emulator-v1.19.8.jar\",\"--host\",\"127.0.0.1\",\"--port\",8082,\"--websocket_port\",9150,\"--project_id\",\"humane-io\",\"--single_project_mode\",true,\"--functions_emulator\",\"127.0.0.1:5002\"],\"optionalArgs\":[\"port\",\"webchannel_port\",\"host\",\"rules\",\"websocket_port\",\"functions_emulator\",\"seed_from_export\",\"project_id\",\"single_project_mode\"],\"joinArgs\":false,\"shell\":false,\"port\":8082}"}}
[info] i  firestore: Firestore Emulator logging to firestore-debug.log {"metadata":{"emulator":{"name":"firestore"},"message":"Firestore Emulator logging to \u001b[1mfirestore-debug.log\u001b[22m"}}
[debug] [2025-09-29T20:13:05.610Z] WARNING: A terminally deprecated method in sun.misc.Unsafe has been called
WARNING: sun.misc.Unsafe::objectFieldOffset has been called by io.netty.util.internal.PlatformDependent0$4 (file:/Users/freedash99/.cache/firebase/emulators/cloud-firestore-emulator-v1.19.8.jar)
WARNING: Please consider reporting this to the maintainers of class io.netty.util.internal.PlatformDependent0$4
WARNING: sun.misc.Unsafe::objectFieldOffset will be removed in a future release
 {"metadata":{"emulator":{"name":"firestore"},"message":"WARNING: A terminally deprecated method in sun.misc.Unsafe has been called\nWARNING: sun.misc.Unsafe::objectFieldOffset has been called by io.netty.util.internal.PlatformDependent0$4 (file:/Users/freedash99/.cache/firebase/emulators/cloud-firestore-emulator-v1.19.8.jar)\nWARNING: Please consider reporting this to the maintainers of class io.netty.util.internal.PlatformDependent0$4\nWARNING: sun.misc.Unsafe::objectFieldOffset will be removed in a future release\n"}}
[debug] [2025-09-29T20:13:05.952Z] Sep 29, 2025 2:13:05 P.M. com.google.cloud.datastore.emulator.firestore.websocket.WebSocketServer start
INFO: Started WebSocket server on ws://127.0.0.1:9150
 {"metadata":{"emulator":{"name":"firestore"},"message":"Sep 29, 2025 2:13:05 P.M. com.google.cloud.datastore.emulator.firestore.websocket.WebSocketServer start\nINFO: Started WebSocket server on ws://127.0.0.1:9150\n"}}
[debug] [2025-09-29T20:13:05.962Z] API endpoint: http:// {"metadata":{"emulator":{"name":"firestore"},"message":"API endpoint: http://"}}
[debug] [2025-09-29T20:13:05.962Z] 127.0.0.1:8082
If you are using a library that supports the FIRESTORE_EMULATOR_HOST environment variable, run:

   export FIRESTORE_EMULATOR_HOST=127.0.0.1:8082

If you are running a Firestore in Datastore Mode project, run:

   export DATASTORE_EMULATOR_HOST=127.0.0.1:8082

Note: Support for Datastore Mode is in preview. If you encounter any bugs please file at https://github.com/firebase/firebase-tools/issues.
Dev App Server is now running.

 {"metadata":{"emulator":{"name":"firestore"},"message":"127.0.0.1:8082\nIf you are using a library that supports the FIRESTORE_EMULATOR_HOST environment variable, run:\n\n   export FIRESTORE_EMULATOR_HOST=127.0.0.1:8082\n\nIf you are running a Firestore in Datastore Mode project, run:\n\n   export DATASTORE_EMULATOR_HOST=127.0.0.1:8082\n\nNote: Support for Datastore Mode is in preview. If you encounter any bugs please file at https://github.com/firebase/firebase-tools/issues.\nDev App Server is now running.\n\n"}}
[info] ✔  firestore: Firestore Emulator UI websocket is running on 9150. {"metadata":{"emulator":{"name":"firestore"},"message":"Firestore Emulator UI websocket is running on 9150."}}
[info] i  functions: Watching "/Users/freedash99/dyad-apps/HUMANE/functions" for Cloud Functions... {"metadata":{"emulator":{"name":"functions"},"message":"Watching \"/Users/freedash99/dyad-apps/HUMANE/functions\" for Cloud Functions..."}}
[debug] [2025-09-29T20:13:06.070Z] Validating nodejs source
[debug] [2025-09-29T20:13:06.568Z] > [functions] package.json contents: {
  "name": "functions",
  "description": "HUMANE Firebase Functions",
  "scripts": {
    "lint": "eslint --ext .js,.ts .",
    "build": "tsc",
    "serve": "npm run build && firebase emulators:start --only functions",
    "shell": "npm run build && firebase functions:shell",
    "start": "npm run shell",
    "deploy": "firebase deploy --only functions",
    "logs": "firebase functions:log"
  },
  "engines": {
    "node": "18"
  },
  "main": "lib/index.js",
  "dependencies": {
    "firebase-admin": "^13.0.1",
    "firebase-functions": "^6.0.1",
    "stripe": "^17.1.0",
    "zod": "^3.25.28",
    "cors": "^2.8.5"
  },
  "devDependencies": {
    "@typescript-eslint/eslint-plugin": "^5.12.0",
    "@typescript-eslint/parser": "^5.12.0",
    "eslint": "^8.9.0",
    "eslint-config-google": "^0.14.0",
    "eslint-plugin-import": "^2.25.4",
    "typescript": "^5.0.0",
    "@types/cors": "^2.8.17"
  },
  "private": true
}
[debug] [2025-09-29T20:13:06.568Z] Building nodejs source
[debug] [2025-09-29T20:13:06.569Z] Failed to find version of module node: reached end of search path /Users/freedash99/dyad-apps/HUMANE/functions/node_modules
[info] ✔  functions: Using node@18 from host. 
[debug] [2025-09-29T20:13:06.570Z] Could not find functions.yaml. Must use http discovery
[debug] [2025-09-29T20:13:06.574Z] Found firebase-functions binary at '/Users/freedash99/dyad-apps/HUMANE/functions/node_modules/.bin/firebase-functions'
[info] Serving at port 8502

[error] Error: Cannot find module './ping'
Require stack:
- /Users/freedash99/dyad-apps/HUMANE/functions/lib/index.js
- /Users/freedash99/dyad-apps/HUMANE/node_modules/.pnpm/firebase-functions@6.4.0_firebase-admin@13.5.0/node_modules/firebase-functions/lib/runtime/loader.js
- /Users/freedash99/dyad-apps/HUMANE/node_modules/.pnpm/firebase-functions@6.4.0_firebase-admin@13.5.0/node_modules/firebase-functions/lib/bin/firebase-functions.js
    at Module._resolveFilename (node:internal/modules/cjs/loader:1140:15)
    at Module._load (node:internal/modules/cjs/loader:981:27)
    at Module.require (node:internal/modules/cjs/loader:1231:19)
    at require (node:internal/modules/helpers:177:18)
    at Object.<anonymous> (/Users/freedash99/dyad-apps/HUMANE/functions/lib/index.js:18:14)
    at Module._compile (node:internal/modules/cjs/loader:1364:14)
    at Module._extensions..js (node:internal/modules/cjs/loader:1422:10)
    at Module.load (node:internal/modules/cjs/loader:1203:32)
    at Module._load (node:internal/modules/cjs/loader:1019:12)
    at Module.require (node:internal/modules/cjs/loader:1231:19) {
  code: 'MODULE_NOT_FOUND',
  requireStack: [
    '/Users/freedash99/dyad-apps/HUMANE/functions/lib/index.js',
    '/Users/freedash99/dyad-apps/HUMANE/node_modules/.pnpm/firebase-functions@6.4.0_firebase-admin@13.5.0/node_modules/firebase-functions/lib/runtime/loader.js',
    '/Users/freedash99/dyad-apps/HUMANE/node_modules/.pnpm/firebase-functions@6.4.0_firebase-admin@13.5.0/node_modules/firebase-functions/lib/bin/firebase-functions.js'
  ]
}

[debug] [2025-09-29T20:13:06.691Z] Got response code 400; body Failed to generate manifest from function source: Cannot find module './ping'
Require stack:
- /Users/freedash99/dyad-apps/HUMANE/functions/lib/index.js
- /Users/freedash99/dyad-apps/HUMANE/node_modules/.pnpm/firebase-functions@6.4.0_firebase-admin@13.5.0/node_modules/firebase-functions/lib/runtime/loader.js
- /Users/freedash99/dyad-apps/HUMANE/node_modules/.pnpm/firebase-functions@6.4.0_firebase-admin@13.5.0/node_modules/firebase-functions/lib/bin/firebase-functions.js
[error] ⬢  functions: Failed to load function definition from source: FirebaseError: Functions codebase could not be analyzed successfully. It may have a syntax or runtime error {"metadata":{"emulator":{"name":"functions"},"message":"Failed to load function definition from source: FirebaseError: Functions codebase could not be analyzed successfully. It may have a syntax or runtime error"}}
[debug] [2025-09-29T20:13:06.695Z] Could not find VSCode notification endpoint: FetchError: request to http://localhost:40001/vscode/notify failed, reason: connect ECONNREFUSED ::1:40001. If you are not running the Firebase Data Connect VSCode extension, this is expected and not an issue.
[info] 
┌─────────────────────────────────────────────────────────────┐
│ ✔  All emulators ready! It is now safe to connect your app. │
│ i  View Emulator UI at http://127.0.0.1:4002/               │
└─────────────────────────────────────────────────────────────┘

┌───────────┬────────────────┬─────────────────────────────────┐
│ Emulator  │ Host:Port      │ View in Emulator UI             │
├───────────┼────────────────┼─────────────────────────────────┤
│ Functions │ 127.0.0.1:5002 │ http://127.0.0.1:4002/functions │
├───────────┼────────────────┼─────────────────────────────────┤
│ Firestore │ 127.0.0.1:8082 │ http://127.0.0.1:4002/firestore │
└───────────┴────────────────┴─────────────────────────────────┘
  Emulator Hub host: 127.0.0.1 port: 4400
  Other reserved ports: 4500, 9150

Issues? Report them at https://github.com/firebase/firebase-tools/issues and attach the *-debug.log files.
 
[debug] [2025-09-29T20:14:36.299Z] Sep 29, 2025 2:14:36 P.M. com.google.cloud.datastore.emulator.firestore.websocket.WebSocketChannelHandler initChannel
INFO: Connected to new websocket client
 {"metadata":{"emulator":{"name":"firestore"},"message":"Sep 29, 2025 2:14:36 P.M. com.google.cloud.datastore.emulator.firestore.websocket.WebSocketChannelHandler initChannel\nINFO: Connected to new websocket client\n"}}
[debug] [2025-09-29T20:16:23.586Z] File /Users/freedash99/dyad-apps/HUMANE/functions/src/plays/reportPlayBatch.ts changed, reloading triggers {"metadata":{"emulator":{"name":"functions"},"message":"File /Users/freedash99/dyad-apps/HUMANE/functions/src/plays/reportPlayBatch.ts changed, reloading triggers"}}
[debug] [2025-09-29T20:16:23.594Z] File /Users/freedash99/dyad-apps/HUMANE/functions/src/plays/materializeRaw.ts changed, reloading triggers {"metadata":{"emulator":{"name":"functions"},"message":"File /Users/freedash99/dyad-apps/HUMANE/functions/src/plays/materializeRaw.ts changed, reloading triggers"}}
[debug] [2025-09-29T20:16:23.594Z] File /Users/freedash99/dyad-apps/HUMANE/functions/src/index.ts changed, reloading triggers {"metadata":{"emulator":{"name":"functions"},"message":"File /Users/freedash99/dyad-apps/HUMANE/functions/src/index.ts changed, reloading triggers"}}
[debug] [2025-09-29T20:16:23.599Z] File /Users/freedash99/dyad-apps/HUMANE/functions/src/stripe/webhooks.ts changed, reloading triggers {"metadata":{"emulator":{"name":"functions"},"message":"File /Users/freedash99/dyad-apps/HUMANE/functions/src/stripe/webhooks.ts changed, reloading triggers"}}
[debug] [2025-09-29T20:16:24.605Z] Validating nodejs source
[debug] [2025-09-29T20:16:25.724Z] > [functions] package.json contents: {
  "name": "functions",
  "description": "HUMANE Firebase Functions",
  "scripts": {
    "lint": "eslint --ext .js,.ts .",
    "build": "tsc",
    "serve": "npm run build && firebase emulators:start --only functions",
    "shell": "npm run build && firebase functions:shell",
    "start": "npm run shell",
    "deploy": "firebase deploy --only functions",
    "logs": "firebase functions:log"
  },
  "engines": {
    "node": "18"
  },
  "main": "lib/index.js",
  "dependencies": {
    "firebase-admin": "^13.0.1",
    "firebase-functions": "^6.0.1",
    "stripe": "^17.1.0",
    "zod": "^3.25.28",
    "cors": "^2.8.5"
  },
  "devDependencies": {
    "@typescript-eslint/eslint-plugin": "^5.12.0",
    "@typescript-eslint/parser": "^5.12.0",
    "eslint": "^8.9.0",
    "eslint-config-google": "^0.14.0",
    "eslint-plugin-import": "^2.25.4",
    "typescript": "^5.0.0",
    "@types/cors": "^2.8.17"
  },
  "private": true
}
[debug] [2025-09-29T20:16:25.724Z] Building nodejs source
[debug] [2025-09-29T20:16:25.724Z] Failed to find version of module node: reached end of search path /Users/freedash99/dyad-apps/HUMANE/functions/node_modules
[info] ✔  functions: Using node@18 from host. 
[debug] [2025-09-29T20:16:25.726Z] Could not find functions.yaml. Must use http discovery
[debug] [2025-09-29T20:16:25.727Z] Found firebase-functions binary at '/Users/freedash99/dyad-apps/HUMANE/functions/node_modules/.bin/firebase-functions'
[info] Serving at port 8834

[error] Error: Cannot find module './ping'
Require stack:
- /Users/freedash99/dyad-apps/HUMANE/functions/lib/index.js
- /Users/freedash99/dyad-apps/HUMANE/node_modules/.pnpm/firebase-functions@6.4.0_firebase-admin@13.5.0/node_modules/firebase-functions/lib/runtime/loader.js
- /Users/freedash99/dyad-apps/HUMANE/node_modules/.pnpm/firebase-functions@6.4.0_firebase-admin@13.5.0/node_modules/firebase-functions/lib/bin/firebase-functions.js
    at Module._resolveFilename (node:internal/modules/cjs/loader:1140:15)
    at Module._load (node:internal/modules/cjs/loader:981:27)
    at Module.require (node:internal/modules/cjs/loader:1231:19)
    at require (node:internal/modules/helpers:177:18)
    at Object.<anonymous> (/Users/freedash99/dyad-apps/HUMANE/functions/lib/index.js:18:14)
    at Module._compile (node:internal/modules/cjs/loader:1364:14)
    at Module._extensions..js (node:internal/modules/cjs/loader:1422:10)
    at Module.load (node:internal/modules/cjs/loader:1203:32)
    at Module._load (node:internal/modules/cjs/loader:1019:12)
    at Module.require (node:internal/modules/cjs/loader:1231:19) {
  code: 'MODULE_NOT_FOUND',
  requireStack: [
    '/Users/freedash99/dyad-apps/HUMANE/functions/lib/index.js',
    '/Users/freedash99/dyad-apps/HUMANE/node_modules/.pnpm/firebase-functions@6.4.0_firebase-admin@13.5.0/node_modules/firebase-functions/lib/runtime/loader.js',
    '/Users/freedash99/dyad-apps/HUMANE/node_modules/.pnpm/firebase-functions@6.4.0_firebase-admin@13.5.0/node_modules/firebase-functions/lib/bin/firebase-functions.js'
  ]
}

[debug] [2025-09-29T20:16:25.885Z] Got response code 400; body Failed to generate manifest from function source: Cannot find module './ping'
Require stack:
- /Users/freedash99/dyad-apps/HUMANE/functions/lib/index.js
- /Users/freedash99/dyad-apps/HUMANE/node_modules/.pnpm/firebase-functions@6.4.0_firebase-admin@13.5.0/node_modules/firebase-functions/lib/runtime/loader.js
- /Users/freedash99/dyad-apps/HUMANE/node_modules/.pnpm/firebase-functions@6.4.0_firebase-admin@13.5.0/node_modules/firebase-functions/lib/bin/firebase-functions.js
[error] ⬢  functions: Failed to load function definition from source: FirebaseError: Functions codebase could not be analyzed successfully. It may have a syntax or runtime error {"metadata":{"emulator":{"name":"functions"},"message":"Failed to load function definition from source: FirebaseError: Functions codebase could not be analyzed successfully. It may have a syntax or runtime error"}}
[debug] [2025-09-29T20:25:31.040Z] Sep 29, 2025 2:25:31 P.M. com.google.cloud.datastore.emulator.firestore.websocket.WebSocketChannelHandler initChannel
INFO: Connected to new websocket client
 {"metadata":{"emulator":{"name":"firestore"},"message":"Sep 29, 2025 2:25:31 P.M. com.google.cloud.datastore.emulator.firestore.websocket.WebSocketChannelHandler initChannel\nINFO: Connected to new websocket client\n"}}
[debug] [2025-09-29T20:25:31.044Z] Sep 29, 2025 2:25:31 P.M. com.google.cloud.datastore.emulator.firestore.websocket.WebSocketChannelHandler channelClosed
INFO: Websocket client disconnected
 {"metadata":{"emulator":{"name":"firestore"},"message":"Sep 29, 2025 2:25:31 P.M. com.google.cloud.datastore.emulator.firestore.websocket.WebSocketChannelHandler channelClosed\nINFO: Websocket client disconnected\n"}}
[debug] [2025-09-29T20:26:40.434Z] Sep 29, 2025 2:26:40 P.M. com.google.cloud.datastore.emulator.firestore.websocket.WebSocketChannelHandler channelClosed
INFO: Websocket client disconnected
 {"metadata":{"emulator":{"name":"firestore"},"message":"Sep 29, 2025 2:26:40 P.M. com.google.cloud.datastore.emulator.firestore.websocket.WebSocketChannelHandler channelClosed\nINFO: Websocket client disconnected\n"}}
[debug] [2025-09-29T20:26:40.567Z] Sep 29, 2025 2:26:40 P.M. com.google.cloud.datastore.emulator.firestore.websocket.WebSocketChannelHandler initChannel
INFO: Connected to new websocket client
 {"metadata":{"emulator":{"name":"firestore"},"message":"Sep 29, 2025 2:26:40 P.M. com.google.cloud.datastore.emulator.firestore.websocket.WebSocketChannelHandler initChannel\nINFO: Connected to new websocket client\n"}}
[debug] [2025-09-29T20:32:39.359Z] File /Users/freedash99/dyad-apps/HUMANE/functions/src/tracks/processTrackUpload.ts changed, reloading triggers {"metadata":{"emulator":{"name":"functions"},"message":"File /Users/freedash99/dyad-apps/HUMANE/functions/src/tracks/processTrackUpload.ts changed, reloading triggers"}}
[debug] [2025-09-29T20:32:39.363Z] File /Users/freedash99/dyad-apps/HUMANE/functions/src/plays/materializeRaw.ts changed, reloading triggers {"metadata":{"emulator":{"name":"functions"},"message":"File /Users/freedash99/dyad-apps/HUMANE/functions/src/plays/materializeRaw.ts changed, reloading triggers"}}
[debug] [2025-09-29T20:32:39.364Z] File /Users/freedash99/dyad-apps/HUMANE/functions/src/stripe/webhooks.ts changed, reloading triggers {"metadata":{"emulator":{"name":"functions"},"message":"File /Users/freedash99/dyad-apps/HUMANE/functions/src/stripe/webhooks.ts changed, reloading triggers"}}
[debug] [2025-09-29T20:32:39.365Z] File /Users/freedash99/dyad-apps/HUMANE/functions/src/plays/reportPlayBatch.ts changed, reloading triggers {"metadata":{"emulator":{"name":"functions"},"message":"File /Users/freedash99/dyad-apps/HUMANE/functions/src/plays/reportPlayBatch.ts changed, reloading triggers"}}
[debug] [2025-09-29T20:32:39.365Z] File /Users/freedash99/dyad-apps/HUMANE/functions/src/stripe/connect.ts changed, reloading triggers {"metadata":{"emulator":{"name":"functions"},"message":"File /Users/freedash99/dyad-apps/HUMANE/functions/src/stripe/connect.ts changed, reloading triggers"}}
[debug] [2025-09-29T20:32:40.370Z] Validating nodejs source
[warn] ⚠  functions: Couldn't find firebase-functions package in your source code. Have you run 'npm install'? 
[debug] [2025-09-29T20:32:40.373Z] getFunctionsSDKVersion encountered error: Cannot find module '/Users/freedash99/dyad-apps/HUMANE/functions/node_modules/firebase-functions/lib/v2/index.js' {"code":"MODULE_NOT_FOUND","path":"/Users/freedash99/dyad-apps/HUMANE/functions/node_modules/firebase-functions/package.json"}
[debug] [2025-09-29T20:32:40.375Z] checkFunctionsSDKVersion encountered error: Invalid Version:  {}
[debug] [2025-09-29T20:32:40.376Z] > [functions] package.json contents: {
  "name": "functions",
  "description": "HUMANE Firebase Functions",
  "scripts": {
    "lint": "eslint --ext .js,.ts .",
    "build": "tsc",
    "serve": "npm run build && firebase emulators:start --only functions",
    "shell": "npm run build && firebase functions:shell",
    "start": "npm run shell",
    "deploy": "firebase deploy --only functions",
    "logs": "firebase functions:log"
  },
  "engines": {
    "node": "18"
  },
  "main": "lib/index.js",
  "dependencies": {
    "firebase-admin": "^13.0.1",
    "firebase-functions": "^6.0.1",
    "stripe": "^17.1.0",
    "zod": "^3.25.28",
    "cors": "^2.8.5"
  },
  "devDependencies": {
    "@typescript-eslint/eslint-plugin": "^5.12.0",
    "@typescript-eslint/parser": "^5.12.0",
    "eslint": "^8.9.0",
    "eslint-config-google": "^0.14.0",
    "eslint-plugin-import": "^2.25.4",
    "typescript": "^5.0.0",
    "@types/cors": "^2.8.17"
  },
  "private": true
}
[debug] [2025-09-29T20:32:40.376Z] Building nodejs source
[debug] [2025-09-29T20:32:40.376Z] Failed to find version of module node: reached end of search path /Users/freedash99/dyad-apps/HUMANE/functions/node_modules
[info] ✔  functions: Using node@18 from host. 
[debug] [2025-09-29T20:32:40.377Z] Could not parse firebase-functions version '' into semver. Falling back to parseTriggers.
[error] ⬢  functions: Failed to load function definition from source: FirebaseError: Error parsing triggers: Cannot find module './ping'
Require stack:
- /Users/freedash99/dyad-apps/HUMANE/functions/lib/index.js
- /Users/freedash99/.nvm/versions/node/v18.20.8/lib/node_modules/firebase-tools/lib/deploy/functions/runtimes/node/triggerParser.js

Try running "npm install" in your functions directory before deploying. {"metadata":{"emulator":{"name":"functions"},"message":"Failed to load function definition from source: FirebaseError: Error parsing triggers: Cannot find module './ping'\nRequire stack:\n- /Users/freedash99/dyad-apps/HUMANE/functions/lib/index.js\n- /Users/freedash99/.nvm/versions/node/v18.20.8/lib/node_modules/firebase-tools/lib/deploy/functions/runtimes/node/triggerParser.js\n\nTry running \"npm install\" in your functions directory before deploying."}}
[debug] [2025-09-29T20:37:04.135Z] File /Users/freedash99/dyad-apps/HUMANE/functions/src/stripe/webhooks.ts changed, reloading triggers {"metadata":{"emulator":{"name":"functions"},"message":"File /Users/freedash99/dyad-apps/HUMANE/functions/src/stripe/webhooks.ts changed, reloading triggers"}}
[debug] [2025-09-29T20:37:04.137Z] File /Users/freedash99/dyad-apps/HUMANE/functions/src/plays/reportPlayBatch.ts changed, reloading triggers {"metadata":{"emulator":{"name":"functions"},"message":"File /Users/freedash99/dyad-apps/HUMANE/functions/src/plays/reportPlayBatch.ts changed, reloading triggers"}}
[debug] [2025-09-29T20:37:04.137Z] File /Users/freedash99/dyad-apps/HUMANE/functions/src/stripe/connect.ts changed, reloading triggers {"metadata":{"emulator":{"name":"functions"},"message":"File /Users/freedash99/dyad-apps/HUMANE/functions/src/stripe/connect.ts changed, reloading triggers"}}
[debug] [2025-09-29T20:37:04.137Z] File /Users/freedash99/dyad-apps/HUMANE/functions/src/plays/materializeRaw.ts changed, reloading triggers {"metadata":{"emulator":{"name":"functions"},"message":"File /Users/freedash99/dyad-apps/HUMANE/functions/src/plays/materializeRaw.ts changed, reloading triggers"}}
[debug] [2025-09-29T20:37:05.139Z] Validating nodejs source
[debug] [2025-09-29T20:37:05.892Z] > [functions] package.json contents: {
  "name": "functions",
  "description": "HUMANE Firebase Functions",
  "scripts": {
    "lint": "eslint --ext .js,.ts .",
    "build": "tsc",
    "serve": "npm run build && firebase emulators:start --only functions",
    "shell": "npm run build && firebase functions:shell",
    "start": "npm run shell",
    "deploy": "firebase deploy --only functions",
    "logs": "firebase functions:log"
  },
  "engines": {
    "node": "18"
  },
  "main": "lib/index.js",
  "dependencies": {
    "firebase-admin": "^13.0.1",
    "firebase-functions": "^6.0.1",
    "stripe": "^17.1.0",
    "zod": "^3.25.28",
    "cors": "^2.8.5"
  },
  "devDependencies": {
    "@typescript-eslint/eslint-plugin": "^5.12.0",
    "@typescript-eslint/parser": "^5.12.0",
    "eslint": "^8.9.0",
    "eslint-config-google": "^0.14.0",
    "eslint-plugin-import": "^2.25.4",
    "typescript": "^5.0.0",
    "@types/cors": "^2.8.17"
  },
  "private": true
}
[debug] [2025-09-29T20:37:05.892Z] Building nodejs source
[debug] [2025-09-29T20:37:05.892Z] Failed to find version of module node: reached end of search path /Users/freedash99/dyad-apps/HUMANE/functions/node_modules
[info] ✔  functions: Using node@18 from host. 
[debug] [2025-09-29T20:37:05.895Z] Could not find functions.yaml. Must use http discovery
[debug] [2025-09-29T20:37:05.897Z] Found firebase-functions binary at '/Users/freedash99/dyad-apps/HUMANE/functions/node_modules/.bin/firebase-functions'
[info] Serving at port 8358

[error] Error: Cannot find module './ping'
Require stack:
- /Users/freedash99/dyad-apps/HUMANE/functions/lib/index.js
- /Users/freedash99/dyad-apps/HUMANE/node_modules/.pnpm/firebase-functions@6.4.0_firebase-admin@13.5.0/node_modules/firebase-functions/lib/runtime/loader.js
- /Users/freedash99/dyad-apps/HUMANE/node_modules/.pnpm/firebase-functions@6.4.0_firebase-admin@13.5.0/node_modules/firebase-functions/lib/bin/firebase-functions.js
    at Module._resolveFilename (node:internal/modules/cjs/loader:1140:15)
    at Module._load (node:internal/modules/cjs/loader:981:27)
    at Module.require (node:internal/modules/cjs/loader:1231:19)
    at require (node:internal/modules/helpers:177:18)
    at Object.<anonymous> (/Users/freedash99/dyad-apps/HUMANE/functions/lib/index.js:18:14)
    at Module._compile (node:internal/modules/cjs/loader:1364:14)
    at Module._extensions..js (node:internal/modules/cjs/loader:1422:10)
    at Module.load (node:internal/modules/cjs/loader:1203:32)
    at Module._load (node:internal/modules/cjs/loader:1019:12)
    at Module.require (node:internal/modules/cjs/loader:1231:19) {
  code: 'MODULE_NOT_FOUND',
  requireStack: [
    '/Users/freedash99/dyad-apps/HUMANE/functions/lib/index.js',
    '/Users/freedash99/dyad-apps/HUMANE/node_modules/.pnpm/firebase-functions@6.4.0_firebase-admin@13.5.0/node_modules/firebase-functions/lib/runtime/loader.js',
    '/Users/freedash99/dyad-apps/HUMANE/node_modules/.pnpm/firebase-functions@6.4.0_firebase-admin@13.5.0/node_modules/firebase-functions/lib/bin/firebase-functions.js'
  ]
}

[debug] [2025-09-29T20:37:06.060Z] Got response code 400; body Failed to generate manifest from function source: Cannot find module './ping'
Require stack:
- /Users/freedash99/dyad-apps/HUMANE/functions/lib/index.js
- /Users/freedash99/dyad-apps/HUMANE/node_modules/.pnpm/firebase-functions@6.4.0_firebase-admin@13.5.0/node_modules/firebase-functions/lib/runtime/loader.js
- /Users/freedash99/dyad-apps/HUMANE/node_modules/.pnpm/firebase-functions@6.4.0_firebase-admin@13.5.0/node_modules/firebase-functions/lib/bin/firebase-functions.js
[error] ⬢  functions: Failed to load function definition from source: FirebaseError: Functions codebase could not be analyzed successfully. It may have a syntax or runtime error {"metadata":{"emulator":{"name":"functions"},"message":"Failed to load function definition from source: FirebaseError: Functions codebase could not be analyzed successfully. It may have a syntax or runtime error"}}
[debug] [2025-09-29T21:03:17.499Z] Sep 29, 2025 3:03:17 P.M. com.google.cloud.datastore.emulator.firestore.websocket.WebSocketChannelHandler channelClosed
INFO: Websocket client disconnected
 {"metadata":{"emulator":{"name":"firestore"},"message":"Sep 29, 2025 3:03:17 P.M. com.google.cloud.datastore.emulator.firestore.websocket.WebSocketChannelHandler channelClosed\nINFO: Websocket client disconnected\n"}}
[debug] [2025-09-29T21:03:17.630Z] Sep 29, 2025 3:03:17 P.M. com.google.cloud.datastore.emulator.firestore.websocket.WebSocketChannelHandler initChannel
INFO: Connected to new websocket client
 {"metadata":{"emulator":{"name":"firestore"},"message":"Sep 29, 2025 3:03:17 P.M. com.google.cloud.datastore.emulator.firestore.websocket.WebSocketChannelHandler initChannel\nINFO: Connected to new websocket client\n"}}
